  Circle.cpp
  CircleSFML.cpp
D:\Users\Kévin Vu\source\repos\TP1\TP1\CircleSFML.cpp(12,46): warning C4244: 'argument' : conversion de 'int' en 'T', perte possible de données
          with
          [
              T=float
          ]
D:\Users\Kévin Vu\source\repos\TP1\TP1\CircleSFML.cpp(12,38): warning C4244: 'argument' : conversion de 'int' en 'T', perte possible de données
          with
          [
              T=float
          ]
  FormeFactory.cpp
  FormeFactorySFML.cpp
  Rectangle.cpp
  RectangleSFML.cpp
D:\Users\Kévin Vu\source\repos\TP1\TP1\RectangleSFML.cpp(10,69): warning C4244: 'argument' : conversion de 'int' en 'T', perte possible de données
          with
          [
              T=float
          ]
D:\Users\Kévin Vu\source\repos\TP1\TP1\RectangleSFML.cpp(10,55): warning C4244: 'argument' : conversion de 'int' en 'T', perte possible de données
          with
          [
              T=float
          ]
D:\Users\Kévin Vu\source\repos\TP1\TP1\RectangleSFML.cpp(11,67): warning C4244: 'argument' : conversion de 'int' en 'T', perte possible de données
          with
          [
              T=float
          ]
D:\Users\Kévin Vu\source\repos\TP1\TP1\RectangleSFML.cpp(11,49): warning C4244: 'argument' : conversion de 'int' en 'T', perte possible de données
          with
          [
              T=float
          ]
D:\Users\Kévin Vu\source\repos\TP1\TP1\RectangleSFML.cpp(12,49): warning C4244: 'argument' : conversion de 'int' en 'T', perte possible de données
          with
          [
              T=float
          ]
D:\Users\Kévin Vu\source\repos\TP1\TP1\RectangleSFML.cpp(12,41): warning C4244: 'argument' : conversion de 'int' en 'T', perte possible de données
          with
          [
              T=float
          ]
  main.cpp
  Génération de code en cours
  143 of 212 functions (67.5%) were compiled, the rest were copied from previous compilation.
    123 functions were new in current compilation
    0 functions had inline decision re-evaluated but remain unchanged
  Fin de la génération du code
  TP1.vcxproj -> D:\Users\Kévin Vu\source\repos\TP1\x64\Release\TP1.exe
